  stdafx.cpp
  c:\program files (x86)\microsoft directx sdk (june 2010)\include\dinput.h: DIRECTINPUT_VERSION undefined. Defaulting to version 0x0800
  VideoDevice.cpp
  Utility.cpp
  UITextView.cpp
c:\users\sung\desktop\borderlands2 171221\borderlands2\uitextview.cpp(15): warning C4838: 'float'에서 'LONG'(으)로의 변환에는 축소 변환이 필요합니다.
c:\users\sung\desktop\borderlands2 171221\borderlands2\uitextview.cpp(15): warning C4244: '초기화 중': 'float'에서 'LONG'(으)로 변환하면서 데이터가 손실될 수 있습니다.
c:\users\sung\desktop\borderlands2 171221\borderlands2\uitextview.cpp(16): warning C4267: '인수': 'size_t'에서 'INT'(으)로 변환하면서 데이터가 손실될 수 있습니다.
  UIObject.cpp
  UIManager.cpp
  UIImageView.cpp
c:\users\sung\desktop\borderlands2 171221\borderlands2\uiimageview.cpp(16): warning C4838: 'FLOAT'에서 'LONG'(으)로의 변환에는 축소 변환이 필요합니다.
c:\users\sung\desktop\borderlands2 171221\borderlands2\uiimageview.cpp(16): warning C4244: '초기화 중': 'FLOAT'에서 'LONG'(으)로 변환하면서 데이터가 손실될 수 있습니다.
  UIButton.cpp
c:\users\sung\desktop\borderlands2 171221\borderlands2\uibutton.cpp(19): warning C4244: '인수': 'UINT'에서 'FLOAT'(으)로 변환하면서 데이터가 손실될 수 있습니다.
c:\users\sung\desktop\borderlands2 171221\borderlands2\uibutton.cpp(27): warning C4244: '인수': 'float'에서 'int'(으)로 변환하면서 데이터가 손실될 수 있습니다.
c:\users\sung\desktop\borderlands2 171221\borderlands2\uibutton.cpp(50): warning C4838: 'FLOAT'에서 'LONG'(으)로의 변환에는 축소 변환이 필요합니다.
c:\users\sung\desktop\borderlands2 171221\borderlands2\uibutton.cpp(50): warning C4244: '초기화 중': 'FLOAT'에서 'LONG'(으)로 변환하면서 데이터가 손실될 수 있습니다.
  TimeManager.cpp
  TextureManager.cpp
  SoundManager.cpp
  SkyBox.cpp
  코드를 생성하고 있습니다...
  컴파일하고 있습니다...
  SkinnedMeshManager.cpp
  SkinnedMesh.cpp
c:\users\sung\desktop\borderlands2 171221\borderlands2\skinnedmesh.cpp(151): warning C4244: '초기화 중': 'DOUBLE'에서 'float'(으)로 변환하면서 데이터가 손실될 수 있습니다.
c:\users\sung\desktop\borderlands2 171221\borderlands2\skinnedmesh.cpp(155): warning C4244: '초기화 중': 'DOUBLE'에서 'float'(으)로 변환하면서 데이터가 손실될 수 있습니다.
c:\users\sung\desktop\borderlands2 171221\borderlands2\skinnedmesh.cpp(169): warning C4244: '초기화 중': 'DOUBLE'에서 'float'(으)로 변환하면서 데이터가 손실될 수 있습니다.
c:\users\sung\desktop\borderlands2 171221\borderlands2\skinnedmesh.cpp(173): warning C4244: '초기화 중': 'DOUBLE'에서 'float'(으)로 변환하면서 데이터가 손실될 수 있습니다.
c:\users\sung\desktop\borderlands2 171221\borderlands2\skinnedmesh.cpp(249): warning C4267: '인수': 'size_t'에서 'INT'(으)로 변환하면서 데이터가 손실될 수 있습니다.
  SceneNode.cpp
  SceneManager.cpp
  RayCtrl.cpp
  QuadTree.cpp
c:\users\sung\desktop\borderlands2 171221\borderlands2\quadtree.cpp(7): warning C4101: 'i' :참조되지 않은 지역 변수입니다.
c:\users\sung\desktop\borderlands2 171221\borderlands2\quadtree.cpp(32): warning C4101: 'i' :참조되지 않은 지역 변수입니다.
  Pyramid.cpp
c:\users\sung\desktop\borderlands2 171221\borderlands2\pyramid.cpp(66): warning C4267: '인수': 'size_t'에서 'UINT'(으)로 변환하면서 데이터가 손실될 수 있습니다.
  progressBar.cpp
c:\users\sung\desktop\borderlands2 171221\borderlands2\progressbar.cpp(12): warning C4244: '인수': 'UINT'에서 'FLOAT'(으)로 변환하면서 데이터가 손실될 수 있습니다.
c:\users\sung\desktop\borderlands2 171221\borderlands2\progressbar.cpp(13): warning C4244: '인수': 'int'에서 'FLOAT'(으)로 변환하면서 데이터가 손실될 수 있습니다.
c:\users\sung\desktop\borderlands2 171221\borderlands2\progressbar.cpp(19): warning C4244: '인수': 'UINT'에서 'FLOAT'(으)로 변환하면서 데이터가 손실될 수 있습니다.
c:\users\sung\desktop\borderlands2 171221\borderlands2\progressbar.cpp(26): warning C4244: '=': 'int'에서 'float'(으)로 변환하면서 데이터가 손실될 수 있습니다.
c:\users\sung\desktop\borderlands2 171221\borderlands2\progressbar.cpp(27): warning C4244: '=': 'UINT'에서 'float'(으)로 변환하면서 데이터가 손실될 수 있습니다.
c:\users\sung\desktop\borderlands2 171221\borderlands2\progressbar.cpp(113): warning C4244: '인수': 'UINT'에서 'FLOAT'(으)로 변환하면서 데이터가 손실될 수 있습니다.
c:\users\sung\desktop\borderlands2 171221\borderlands2\progressbar.cpp(127): warning C4244: '인수': 'UINT'에서 'FLOAT'(으)로 변환하면서 데이터가 손실될 수 있습니다.
c:\users\sung\desktop\borderlands2 171221\borderlands2\progressbar.cpp(140): warning C4244: '인수': 'UINT'에서 'FLOAT'(으)로 변환하면서 데이터가 손실될 수 있습니다.
c:\users\sung\desktop\borderlands2 171221\borderlands2\progressbar.cpp(152): warning C4244: '인수': 'UINT'에서 'FLOAT'(으)로 변환하면서 데이터가 손실될 수 있습니다.
c:\users\sung\desktop\borderlands2 171221\borderlands2\progressbar.cpp(204): warning C4244: '=': 'int'에서 'float'(으)로 변환하면서 데이터가 손실될 수 있습니다.
c:\users\sung\desktop\borderlands2 171221\borderlands2\progressbar.cpp(205): warning C4244: '=': 'UINT'에서 'float'(으)로 변환하면서 데이터가 손실될 수 있습니다.
c:\users\sung\desktop\borderlands2 171221\borderlands2\progressbar.cpp(288): warning C4244: '인수': 'UINT'에서 'FLOAT'(으)로 변환하면서 데이터가 손실될 수 있습니다.
c:\users\sung\desktop\borderlands2 171221\borderlands2\progressbar.cpp(303): warning C4244: '인수': 'UINT'에서 'FLOAT'(으)로 변환하면서 데이터가 손실될 수 있습니다.
c:\users\sung\desktop\borderlands2 171221\borderlands2\progressbar.cpp(313): warning C4244: '인수': 'UINT'에서 'FLOAT'(으)로 변환하면서 데이터가 손실될 수 있습니다.
c:\users\sung\desktop\borderlands2 171221\borderlands2\progressbar.cpp(323): warning C4244: '인수': 'UINT'에서 'FLOAT'(으)로 변환하면서 데이터가 손실될 수 있습니다.
c:\users\sung\desktop\borderlands2 171221\borderlands2\progressbar.cpp(333): warning C4244: '인수': 'UINT'에서 'FLOAT'(으)로 변환하면서 데이터가 손실될 수 있습니다.
c:\users\sung\desktop\borderlands2 171221\borderlands2\progressbar.cpp(345): warning C4244: '인수': 'UINT'에서 'FLOAT'(으)로 변환하면서 데이터가 손실될 수 있습니다.
c:\users\sung\desktop\borderlands2 171221\borderlands2\progressbar.cpp(359): warning C4244: '인수': 'UINT'에서 'FLOAT'(으)로 변환하면서 데이터가 손실될 수 있습니다.
c:\users\sung\desktop\borderlands2 171221\borderlands2\progressbar.cpp(372): warning C4244: '인수': 'UINT'에서 'FLOAT'(으)로 변환하면서 데이터가 손실될 수 있습니다.
c:\users\sung\desktop\borderlands2 171221\borderlands2\progressbar.cpp(384): warning C4244: '인수': 'UINT'에서 'FLOAT'(으)로 변환하면서 데이터가 손실될 수 있습니다.
c:\users\sung\desktop\borderlands2 171221\borderlands2\progressbar.cpp(455): warning C4244: '초기화 중': 'float'에서 'int'(으)로 변환하면서 데이터가 손실될 수 있습니다.
c:\users\sung\desktop\borderlands2 171221\borderlands2\progressbar.cpp(456): warning C4018: '>=': signed 또는 unsigned가 일치하지 않습니다.
c:\users\sung\desktop\borderlands2 171221\borderlands2\progressbar.cpp(459): warning C4244: '인수': 'UINT'에서 'FLOAT'(으)로 변환하면서 데이터가 손실될 수 있습니다.
c:\users\sung\desktop\borderlands2 171221\borderlands2\progressbar.cpp(588): warning C4244: '초기화 중': 'float'에서 'int'(으)로 변환하면서 데이터가 손실될 수 있습니다.
c:\users\sung\desktop\borderlands2 171221\borderlands2\progressbar.cpp(589): warning C4018: '>=': signed 또는 unsigned가 일치하지 않습니다.
c:\users\sung\desktop\borderlands2 171221\borderlands2\progressbar.cpp(594): warning C4244: '인수': 'UINT'에서 'FLOAT'(으)로 변환하면서 데이터가 손실될 수 있습니다.
  Player.cpp
c:\users\sung\desktop\borderlands2 171221\borderlands2\player.cpp(39): warning C4244: '인수': 'float'에서 'UINT'(으)로 변환하면서 데이터가 손실될 수 있습니다.
c:\users\sung\desktop\borderlands2 171221\borderlands2\player.cpp(90): warning C4244: '-=': 'float'에서 'int'(으)로 변환하면서 데이터가 손실될 수 있습니다.
c:\users\sung\desktop\borderlands2 171221\borderlands2\player.cpp(91): warning C4244: '인수': 'float'에서 'int'(으)로 변환하면서 데이터가 손실될 수 있습니다.
  Plane.cpp
c:\users\sung\desktop\borderlands2 171221\borderlands2\plane.cpp(297): warning C4244: 'return': 'float'에서 'DWORD'(으)로 변환하면서 데이터가 손실될 수 있습니다.
c:\users\sung\desktop\borderlands2 171221\borderlands2\plane.cpp(339): warning C4334: '<<': 32비트 시프트의 결과가 암시적으로 64비트로 변환됩니다. 64비트 시프트를 사용하시겠습니까?
c:\users\sung\desktop\borderlands2 171221\borderlands2\plane.cpp(565): warning C4305: 'return': 'HRESULT'에서 'bool'(으)로 잘립니다.
c:\users\sung\desktop\borderlands2 171221\borderlands2\plane.cpp(771): warning C4101: 'Row' :참조되지 않은 지역 변수입니다.
c:\users\sung\desktop\borderlands2 171221\borderlands2\plane.cpp(771): warning C4101: 'Col' :참조되지 않은 지역 변수입니다.
  Picking.cpp
  코드를 생성하고 있습니다...
c:\users\sung\desktop\borderlands2 171221\borderlands2\skinnedmesh.cpp(139): warning C4715: 'SkinnedMesh::GetCamBonePos': 모든 제어 경로에서 값을 반환하지는 않습니다.
  컴파일하고 있습니다...
  Particle_Snow.cpp
  Particle_GunFire.cpp
  Particle_Firework.cpp
  ParticleSystem.cpp
  ParticleManager.cpp
  OBJMap.cpp
  OBJLoader.cpp
  ObjectManager.cpp
  Object.cpp
  Menu.cpp
c:\users\sung\desktop\borderlands2 171221\borderlands2\menu.cpp(231): warning C4267: '=': 'size_t'에서 'int'(으)로 변환하면서 데이터가 손실될 수 있습니다.
  MatrialTexture.cpp
  코드를 생성하고 있습니다...
  컴파일하고 있습니다...
  MaptoolScene.cpp
c:\users\sung\desktop\borderlands2 171221\borderlands2\maptoolscene.cpp(146): error C2664: 'HWND CreateDialogParamW(HINSTANCE,LPCWSTR,HWND,DLGPROC,LPARAM)': 인수 4을(를) 'BOOL (__cdecl *)(HWND,UINT,WPARAM,LPARAM)'에서 'DLGPROC'(으)로 변환할 수 없습니다.
  c:\users\sung\desktop\borderlands2 171221\borderlands2\maptoolscene.cpp(146): note: 대상 형식과 일치하는 범위에 이름이 같은 함수가 없습니다.
c:\users\sung\desktop\borderlands2 171221\borderlands2\maptoolscene.cpp(149): error C2664: 'HWND CreateDialogParamW(HINSTANCE,LPCWSTR,HWND,DLGPROC,LPARAM)': 인수 4을(를) 'BOOL (__cdecl *)(HWND,UINT,WPARAM,LPARAM)'에서 'DLGPROC'(으)로 변환할 수 없습니다.
  c:\users\sung\desktop\borderlands2 171221\borderlands2\maptoolscene.cpp(149): note: 대상 형식과 일치하는 범위에 이름이 같은 함수가 없습니다.
  MainTool.cpp
  MainScene.cpp
c:\users\sung\desktop\borderlands2 171221\borderlands2\mainscene.cpp(22): warning C4244: '인수': 'LONG'에서 'FLOAT'(으)로 변환하면서 데이터가 손실될 수 있습니다.
  MainGameManager.cpp
c:\users\sung\desktop\borderlands2 171221\borderlands2\maingamemanager.cpp(130): warning C4267: '인수': 'size_t'에서 'INT'(으)로 변환하면서 데이터가 손실될 수 있습니다.
c:\users\sung\desktop\borderlands2 171221\borderlands2\maingamemanager.cpp(136): warning C4244: '인수': 'int'에서 'FLOAT'(으)로 변환하면서 데이터가 손실될 수 있습니다.
  LoadingScene.cpp
  Loading.cpp
c:\users\sung\desktop\borderlands2 171221\borderlands2\loading.cpp(23): warning C4244: '인수': 'UINT'에서 'FLOAT'(으)로 변환하면서 데이터가 손실될 수 있습니다.
  LinearInterpolation.cpp
c:\users\sung\desktop\borderlands2 171221\borderlands2\linearinterpolation.cpp(81): warning C4267: '인수': 'size_t'에서 'UINT'(으)로 변환하면서 데이터가 손실될 수 있습니다.
  KeyManager.cpp
  InputManager.cpp
  iMap.cpp
  HeightMap.cpp
c:\users\sung\desktop\borderlands2 171221\borderlands2\heightmap.cpp(36): warning C4244: '인수': 'int'에서 'FLOAT'(으)로 변환하면서 데이터가 손실될 수 있습니다.
c:\users\sung\desktop\borderlands2 171221\borderlands2\heightmap.cpp(104): warning C4267: '인수': 'size_t'에서 'DWORD'(으)로 변환하면서 데이터가 손실될 수 있습니다.
  코드를 생성하고 있습니다...
  컴파일하고 있습니다...
  Group.cpp
c:\users\sung\desktop\borderlands2 171221\borderlands2\group.cpp(34): warning C4267: '인수': 'size_t'에서 'UINT'(으)로 변환하면서 데이터가 손실될 수 있습니다.
  GridCtrl.cpp
c:\users\sung\desktop\borderlands2 171221\borderlands2\gridctrl.cpp(45): warning C4244: '인수': 'int'에서 'FLOAT'(으)로 변환하면서 데이터가 손실될 수 있습니다.
c:\users\sung\desktop\borderlands2 171221\borderlands2\gridctrl.cpp(46): warning C4244: '인수': 'int'에서 'FLOAT'(으)로 변환하면서 데이터가 손실될 수 있습니다.
c:\users\sung\desktop\borderlands2 171221\borderlands2\gridctrl.cpp(48): warning C4244: '인수': 'int'에서 'FLOAT'(으)로 변환하면서 데이터가 손실될 수 있습니다.
c:\users\sung\desktop\borderlands2 171221\borderlands2\gridctrl.cpp(49): warning C4244: '인수': 'int'에서 'FLOAT'(으)로 변환하면서 데이터가 손실될 수 있습니다.
c:\users\sung\desktop\borderlands2 171221\borderlands2\gridctrl.cpp(51): warning C4244: '인수': 'int'에서 'FLOAT'(으)로 변환하면서 데이터가 손실될 수 있습니다.
c:\users\sung\desktop\borderlands2 171221\borderlands2\gridctrl.cpp(52): warning C4244: '인수': 'int'에서 'FLOAT'(으)로 변환하면서 데이터가 손실될 수 있습니다.
c:\users\sung\desktop\borderlands2 171221\borderlands2\gridctrl.cpp(54): warning C4244: '인수': 'int'에서 'FLOAT'(으)로 변환하면서 데이터가 손실될 수 있습니다.
c:\users\sung\desktop\borderlands2 171221\borderlands2\gridctrl.cpp(55): warning C4244: '인수': 'int'에서 'FLOAT'(으)로 변환하면서 데이터가 손실될 수 있습니다.
c:\users\sung\desktop\borderlands2 171221\borderlands2\gridctrl.cpp(100): warning C4267: '인수': 'size_t'에서 'UINT'(으)로 변환하면서 데이터가 손실될 수 있습니다.
  GameScene.cpp
  GameObject.cpp
  FrustomCulling.cpp
  FontManager.cpp
  Environment.cpp
  EnemyManager.cpp
  Enemy.cpp
  CubeCtrl.cpp
c:\users\sung\desktop\borderlands2 171221\borderlands2\cubectrl.cpp(109): warning C4267: '인수': 'size_t'에서 'UINT'(으)로 변환하면서 데이터가 손실될 수 있습니다.
  CharacterCtrl.cpp
  코드를 생성하고 있습니다...
  컴파일하고 있습니다...
  CameraCtrl.cpp
c:\users\sung\desktop\borderlands2 171221\borderlands2\cameractrl.cpp(167): warning C4244: '=': 'float'에서 'LONG'(으)로 변환하면서 데이터가 손실될 수 있습니다.
c:\users\sung\desktop\borderlands2 171221\borderlands2\cameractrl.cpp(168): warning C4244: '=': 'float'에서 'LONG'(으)로 변환하면서 데이터가 손실될 수 있습니다.
c:\users\sung\desktop\borderlands2 171221\borderlands2\cameractrl.cpp(265): warning C4244: '인수': 'float'에서 'int'(으)로 변환하면서 데이터가 손실될 수 있습니다.
c:\users\sung\desktop\borderlands2 171221\borderlands2\cameractrl.cpp(271): warning C4244: '=': 'float'에서 'LONG'(으)로 변환하면서 데이터가 손실될 수 있습니다.
c:\users\sung\desktop\borderlands2 171221\borderlands2\cameractrl.cpp(272): warning C4244: '=': 'float'에서 'LONG'(으)로 변환하면서 데이터가 손실될 수 있습니다.
  Bullymong.cpp
c:\users\sung\desktop\borderlands2 171221\borderlands2\bullymong.cpp(110): warning C4267: '인수': 'size_t'에서 'INT'(으)로 변환하면서 데이터가 손실될 수 있습니다.
c:\users\sung\desktop\borderlands2 171221\borderlands2\bullymong.cpp(116): warning C4267: '인수': 'size_t'에서 'INT'(으)로 변환하면서 데이터가 손실될 수 있습니다.
c:\users\sung\desktop\borderlands2 171221\borderlands2\bullymong.cpp(122): warning C4267: '인수': 'size_t'에서 'INT'(으)로 변환하면서 데이터가 손실될 수 있습니다.
c:\users\sung\desktop\borderlands2 171221\borderlands2\bullymong.cpp(174): warning C4267: '인수': 'size_t'에서 'UINT'(으)로 변환하면서 데이터가 손실될 수 있습니다.
c:\users\sung\desktop\borderlands2 171221\borderlands2\bullymong.cpp(194): warning C4244: '인수': 'time_t'에서 'unsigned int'(으)로 변환하면서 데이터가 손실될 수 있습니다.
  Boss.cpp
  Borderlands2.cpp
c:\users\sung\desktop\borderlands2 171221\borderlands2\borderlands2.cpp : warning C4819: 현재 코드 페이지(949)에서 표시할 수 없는 문자가 파일에 들어 있습니다. 데이터가 손실되지 않게 하려면 해당 파일을 유니코드 형식으로 저장하십시오.
  AutoReleasePool.cpp
  ASELoader.cpp
  ASEFrame.cpp
c:\users\sung\desktop\borderlands2 171221\borderlands2\aseframe.cpp(29): warning C4267: '인수': 'size_t'에서 'UINT'(으)로 변환하면서 데이터가 손실될 수 있습니다.
c:\users\sung\desktop\borderlands2 171221\borderlands2\aseframe.cpp(122): warning C4267: '=': 'size_t'에서 'int'(으)로 변환하면서 데이터가 손실될 수 있습니다.
c:\users\sung\desktop\borderlands2 171221\borderlands2\aseframe.cpp(164): warning C4267: '=': 'size_t'에서 'int'(으)로 변환하면서 데이터가 손실될 수 있습니다.
  ASECharacter.cpp
  AllocateHierarchy.cpp
  ActionSequence.cpp
  ActionRepeat.cpp
  코드를 생성하고 있습니다...
  컴파일하고 있습니다...
  ActionMove.cpp
  Action.cpp
  코드를 생성하고 있습니다...
