  stdafx.cpp
  c:\program files (x86)\microsoft directx sdk (june 2010)\include\dinput.h: DIRECTINPUT_VERSION undefined. Defaulting to version 0x0800
  VideoDevice.cpp
  Utility.cpp
  UITextView.cpp
c:\users\봉기남\desktop\borderlands2\borderlands2\uitextview.cpp(15): warning C4838: 'float'에서 'LONG'(으)로의 변환에는 축소 변환이 필요합니다.
c:\users\봉기남\desktop\borderlands2\borderlands2\uitextview.cpp(15): warning C4244: '초기화 중': 'float'에서 'LONG'(으)로 변환하면서 데이터가 손실될 수 있습니다.
c:\users\봉기남\desktop\borderlands2\borderlands2\uitextview.cpp(16): warning C4267: '인수': 'size_t'에서 'INT'(으)로 변환하면서 데이터가 손실될 수 있습니다.
  UIObject.cpp
  UIManager.cpp
c:\users\봉기남\desktop\borderlands2\borderlands2\uimanager.cpp(22): warning C4244: '인수': 'UINT'에서 'FLOAT'(으)로 변환하면서 데이터가 손실될 수 있습니다.
c:\users\봉기남\desktop\borderlands2\borderlands2\uimanager.cpp(80): warning C4312: '형식 캐스팅': 'int'에서 더 큰 'UITextView *'(으)로의 변환입니다.
c:\users\봉기남\desktop\borderlands2\borderlands2\uimanager.cpp(80): warning C4477: 'sprintf' : 서식 문자열 '%d'에 'int' 형식의 인수가 필요하지만 variadic 인수 1의 형식이 'UITextView *'입니다.
c:\users\봉기남\desktop\borderlands2\borderlands2\uimanager.cpp(80): warning C4313: 'sprintf': 서식 문자열의 '%d'이(가) 인수 1('UITextView *' 형식)과(와) 충돌합니다.
  UIImageView.cpp
  UIButton.cpp
c:\users\봉기남\desktop\borderlands2\borderlands2\uibutton.cpp(19): warning C4244: '인수': 'UINT'에서 'FLOAT'(으)로 변환하면서 데이터가 손실될 수 있습니다.
c:\users\봉기남\desktop\borderlands2\borderlands2\uibutton.cpp(27): warning C4244: '인수': 'float'에서 'int'(으)로 변환하면서 데이터가 손실될 수 있습니다.
c:\users\봉기남\desktop\borderlands2\borderlands2\uibutton.cpp(50): warning C4838: 'FLOAT'에서 'LONG'(으)로의 변환에는 축소 변환이 필요합니다.
c:\users\봉기남\desktop\borderlands2\borderlands2\uibutton.cpp(50): warning C4244: '초기화 중': 'FLOAT'에서 'LONG'(으)로 변환하면서 데이터가 손실될 수 있습니다.
  TimeManager.cpp
  TextureManager.cpp
  SoundManager.cpp
  SkyBox.cpp
  SkinnedMeshManager.cpp
  SkinnedMesh.cpp
  SceneNode.cpp
  SceneManager.cpp
  RayCtrl.cpp
  Pyramid.cpp
c:\users\봉기남\desktop\borderlands2\borderlands2\pyramid.cpp(72): warning C4267: '인수': 'size_t'에서 'UINT'(으)로 변환하면서 데이터가 손실될 수 있습니다.
  Particle_Snow.cpp
  ParticleSystem.cpp
  ParticleManager.cpp
  코드를 생성하고 있습니다...
c:\users\봉기남\desktop\borderlands2\borderlands2\skybox.cpp(19): warning C4715: 'SkyBox::Init': 모든 제어 경로에서 값을 반환하지는 않습니다.
c:\users\봉기남\desktop\borderlands2\borderlands2\skybox.cpp(65): warning C4715: 'SkyBox::CreateSkyBox': 모든 제어 경로에서 값을 반환하지는 않습니다.
  컴파일하고 있습니다...
  OBJMap.cpp
  OBJLoader.cpp
  ObjectManager.cpp
  Object.cpp
  MatrialTexture.cpp
  MainScene.cpp
c:\users\봉기남\desktop\borderlands2\borderlands2\mainscene.cpp(22): warning C4244: '인수': 'LONG'에서 'FLOAT'(으)로 변환하면서 데이터가 손실될 수 있습니다.
  MainGameManager.cpp
c:\users\봉기남\desktop\borderlands2\borderlands2\maingamemanager.cpp(204): warning C4267: '인수': 'size_t'에서 'INT'(으)로 변환하면서 데이터가 손실될 수 있습니다.
c:\users\봉기남\desktop\borderlands2\borderlands2\maingamemanager.cpp(210): warning C4244: '인수': 'int'에서 'FLOAT'(으)로 변환하면서 데이터가 손실될 수 있습니다.
  LoadingScene.cpp
  LinearInterpolation.cpp
c:\users\봉기남\desktop\borderlands2\borderlands2\linearinterpolation.cpp(81): warning C4267: '인수': 'size_t'에서 'UINT'(으)로 변환하면서 데이터가 손실될 수 있습니다.
  KeyManager.cpp
  InputManager.cpp
  iMap.cpp
  HeightMap.cpp
c:\users\봉기남\desktop\borderlands2\borderlands2\heightmap.cpp(36): warning C4244: '인수': 'int'에서 'FLOAT'(으)로 변환하면서 데이터가 손실될 수 있습니다.
c:\users\봉기남\desktop\borderlands2\borderlands2\heightmap.cpp(106): warning C4267: '인수': 'size_t'에서 'DWORD'(으)로 변환하면서 데이터가 손실될 수 있습니다.
c:\users\봉기남\desktop\borderlands2\borderlands2\heightmap.cpp(143): warning C4244: '인수': 'float'에서 'int'(으)로 변환하면서 데이터가 손실될 수 있습니다.
c:\users\봉기남\desktop\borderlands2\borderlands2\heightmap.cpp(144): warning C4244: '인수': 'float'에서 'int'(으)로 변환하면서 데이터가 손실될 수 있습니다.
c:\users\봉기남\desktop\borderlands2\borderlands2\heightmap.cpp(145): warning C4244: '인수': 'float'에서 'int'(으)로 변환하면서 데이터가 손실될 수 있습니다.
c:\users\봉기남\desktop\borderlands2\borderlands2\heightmap.cpp(146): warning C4244: '인수': 'float'에서 'int'(으)로 변환하면서 데이터가 손실될 수 있습니다.
  Group.cpp
c:\users\봉기남\desktop\borderlands2\borderlands2\group.cpp(34): warning C4267: '인수': 'size_t'에서 'UINT'(으)로 변환하면서 데이터가 손실될 수 있습니다.
  GridCtrl.cpp
c:\users\봉기남\desktop\borderlands2\borderlands2\gridctrl.cpp(47): warning C4244: '인수': 'int'에서 'FLOAT'(으)로 변환하면서 데이터가 손실될 수 있습니다.
c:\users\봉기남\desktop\borderlands2\borderlands2\gridctrl.cpp(48): warning C4244: '인수': 'int'에서 'FLOAT'(으)로 변환하면서 데이터가 손실될 수 있습니다.
c:\users\봉기남\desktop\borderlands2\borderlands2\gridctrl.cpp(50): warning C4244: '인수': 'int'에서 'FLOAT'(으)로 변환하면서 데이터가 손실될 수 있습니다.
c:\users\봉기남\desktop\borderlands2\borderlands2\gridctrl.cpp(51): warning C4244: '인수': 'int'에서 'FLOAT'(으)로 변환하면서 데이터가 손실될 수 있습니다.
c:\users\봉기남\desktop\borderlands2\borderlands2\gridctrl.cpp(53): warning C4244: '인수': 'int'에서 'FLOAT'(으)로 변환하면서 데이터가 손실될 수 있습니다.
c:\users\봉기남\desktop\borderlands2\borderlands2\gridctrl.cpp(54): warning C4244: '인수': 'int'에서 'FLOAT'(으)로 변환하면서 데이터가 손실될 수 있습니다.
c:\users\봉기남\desktop\borderlands2\borderlands2\gridctrl.cpp(56): warning C4244: '인수': 'int'에서 'FLOAT'(으)로 변환하면서 데이터가 손실될 수 있습니다.
c:\users\봉기남\desktop\borderlands2\borderlands2\gridctrl.cpp(57): warning C4244: '인수': 'int'에서 'FLOAT'(으)로 변환하면서 데이터가 손실될 수 있습니다.
c:\users\봉기남\desktop\borderlands2\borderlands2\gridctrl.cpp(106): warning C4267: '인수': 'size_t'에서 'UINT'(으)로 변환하면서 데이터가 손실될 수 있습니다.
  GameScene.cpp
  GameObject.cpp
  FrustomCulling.cpp
  FontManager.cpp
  Environment.cpp
  코드를 생성하고 있습니다...
  컴파일하고 있습니다...
  CubeCtrl.cpp
c:\users\봉기남\desktop\borderlands2\borderlands2\cubectrl.cpp(109): warning C4267: '인수': 'size_t'에서 'UINT'(으)로 변환하면서 데이터가 손실될 수 있습니다.
  CharacterCtrl.cpp
  CameraCtrl.cpp
  Borderlands2.cpp
c:\users\봉기남\desktop\borderlands2\borderlands2\borderlands2.cpp : warning C4819: 현재 코드 페이지(949)에서 표시할 수 없는 문자가 파일에 들어 있습니다. 데이터가 손실되지 않게 하려면 해당 파일을 유니코드 형식으로 저장하십시오.
  AutoReleasePool.cpp
  ASELoader.cpp
  ASEFrame.cpp
c:\users\봉기남\desktop\borderlands2\borderlands2\aseframe.cpp(29): warning C4267: '인수': 'size_t'에서 'UINT'(으)로 변환하면서 데이터가 손실될 수 있습니다.
c:\users\봉기남\desktop\borderlands2\borderlands2\aseframe.cpp(122): warning C4267: '=': 'size_t'에서 'int'(으)로 변환하면서 데이터가 손실될 수 있습니다.
c:\users\봉기남\desktop\borderlands2\borderlands2\aseframe.cpp(164): warning C4267: '=': 'size_t'에서 'int'(으)로 변환하면서 데이터가 손실될 수 있습니다.
  ASECharacter.cpp
  AllocateHierarchy.cpp
  ActionSequence.cpp
  ActionRepeat.cpp
  ActionMove.cpp
  Action.cpp
  코드를 생성하고 있습니다...
AllocateHierarchy.obj : error LNK2019: D3DXComputeBoundingBox 외부 기호(참조 위치: "public: virtual long __cdecl AllocateHierarchy::CreateMeshContainer(char const *,struct _D3DXMESHDATA const *,struct _D3DXMATERIAL const *,struct _D3DXEFFECTINSTANCE const *,unsigned long,unsigned long const *,struct ID3DXSkinInfo *,struct _D3DXMESHCONTAINER * *)" (?CreateMeshContainer@AllocateHierarchy@@UEAAJPEBDPEBU_D3DXMESHDATA@@PEBU_D3DXMATERIAL@@PEBU_D3DXEFFECTINSTANCE@@KPEBKPEAUID3DXSkinInfo@@PEAPEAU_D3DXMESHCONTAINER@@@Z) 함수)에서 확인하지 못했습니다.
AllocateHierarchy.obj : error LNK2019: D3DXComputeNormals 외부 기호(참조 위치: "public: virtual long __cdecl AllocateHierarchy::CreateMeshContainer(char const *,struct _D3DXMESHDATA const *,struct _D3DXMATERIAL const *,struct _D3DXEFFECTINSTANCE const *,unsigned long,unsigned long const *,struct ID3DXSkinInfo *,struct _D3DXMESHCONTAINER * *)" (?CreateMeshContainer@AllocateHierarchy@@UEAAJPEBDPEBU_D3DXMESHDATA@@PEBU_D3DXMATERIAL@@PEBU_D3DXEFFECTINSTANCE@@KPEBKPEAUID3DXSkinInfo@@PEAPEAU_D3DXMESHCONTAINER@@@Z) 함수)에서 확인하지 못했습니다.
AllocateHierarchy.obj : error LNK2019: D3DXGetFVFVertexSize 외부 기호(참조 위치: "public: virtual long __cdecl AllocateHierarchy::CreateMeshContainer(char const *,struct _D3DXMESHDATA const *,struct _D3DXMATERIAL const *,struct _D3DXEFFECTINSTANCE const *,unsigned long,unsigned long const *,struct ID3DXSkinInfo *,struct _D3DXMESHCONTAINER * *)" (?CreateMeshContainer@AllocateHierarchy@@UEAAJPEBDPEBU_D3DXMESHDATA@@PEBU_D3DXMATERIAL@@PEBU_D3DXEFFECTINSTANCE@@KPEBKPEAUID3DXSkinInfo@@PEAPEAU_D3DXMESHCONTAINER@@@Z) 함수)에서 확인하지 못했습니다.
ASEFrame.obj : error LNK2019: D3DXMatrixMultiply 외부 기호(참조 위치: "public: struct D3DXMATRIX __cdecl D3DXMATRIX::operator*(struct D3DXMATRIX const &)const " (??DD3DXMATRIX@@QEBA?AU0@AEBU0@@Z) 함수)에서 확인하지 못했습니다.
GameObject.obj : error LNK2001: D3DXMatrixMultiply 외부 기호를 확인할 수 없습니다.
GridCtrl.obj : error LNK2001: D3DXMatrixMultiply 외부 기호를 확인할 수 없습니다.
SkinnedMesh.obj : error LNK2001: D3DXMatrixMultiply 외부 기호를 확인할 수 없습니다.
SkinnedMesh.obj : error LNK2001: D3DXMatrixInverse 외부 기호를 확인할 수 없습니다.
ASEFrame.obj : error LNK2001: D3DXMatrixInverse 외부 기호를 확인할 수 없습니다.
ASELoader.obj : error LNK2001: D3DXMatrixInverse 외부 기호를 확인할 수 없습니다.
CameraCtrl.obj : error LNK2001: D3DXMatrixInverse 외부 기호를 확인할 수 없습니다.
RayCtrl.obj : error LNK2001: D3DXMatrixInverse 외부 기호를 확인할 수 없습니다.
ASEFrame.obj : error LNK2019: D3DXMatrixRotationQuaternion 외부 기호(참조 위치: "public: void __cdecl ASEFrame::CalcLocalRotationMatrix(int,struct _D3DXMATRIXA16 &)" (?CalcLocalRotationMatrix@ASEFrame@@QEAAXHAEAU_D3DXMATRIXA16@@@Z) 함수)에서 확인하지 못했습니다.
ASEFrame.obj : error LNK2019: D3DXQuaternionSlerp 외부 기호(참조 위치: "public: void __cdecl ASEFrame::CalcLocalRotationMatrix(int,struct _D3DXMATRIXA16 &)" (?CalcLocalRotationMatrix@ASEFrame@@QEAAXHAEAU_D3DXMATRIXA16@@@Z) 함수)에서 확인하지 못했습니다.
SkinnedMesh.obj : error LNK2001: D3DXVec3TransformCoord 외부 기호를 확인할 수 없습니다.
LinearInterpolation.obj : error LNK2001: D3DXVec3TransformCoord 외부 기호를 확인할 수 없습니다.
OBJLoader.obj : error LNK2001: D3DXVec3TransformCoord 외부 기호를 확인할 수 없습니다.
OBJMap.obj : error LNK2001: D3DXVec3TransformCoord 외부 기호를 확인할 수 없습니다.
RayCtrl.obj : error LNK2001: D3DXVec3TransformCoord 외부 기호를 확인할 수 없습니다.
ASELoader.obj : error LNK2001: D3DXVec3TransformCoord 외부 기호를 확인할 수 없습니다.
CameraCtrl.obj : error LNK2001: D3DXVec3TransformCoord 외부 기호를 확인할 수 없습니다.
CubeCtrl.obj : error LNK2001: D3DXVec3TransformCoord 외부 기호를 확인할 수 없습니다.
HeightMap.obj : error LNK2001: D3DXVec3TransformCoord 외부 기호를 확인할 수 없습니다.
ASELoader.obj : error LNK2019: D3DXVec3TransformNormal 외부 기호(참조 위치: "public: void __cdecl ASELoader::ProcessMESH(class ASEFrame *)" (?ProcessMESH@ASELoader@@QEAAXPEAVASEFrame@@@Z) 함수)에서 확인하지 못했습니다.
OBJLoader.obj : error LNK2001: D3DXVec3TransformNormal 외부 기호를 확인할 수 없습니다.
RayCtrl.obj : error LNK2001: D3DXVec3TransformNormal 외부 기호를 확인할 수 없습니다.
ASELoader.obj : error LNK2019: D3DXQuaternionMultiply 외부 기호(참조 위치: "public: struct D3DXQUATERNION __cdecl D3DXQUATERNION::operator*(struct D3DXQUATERNION const &)const " (??DD3DXQUATERNION@@QEBA?AU0@AEBU0@@Z) 함수)에서 확인하지 못했습니다.
MainGameManager.obj : error LNK2001: D3DXVec3Normalize 외부 기호를 확인할 수 없습니다.
RayCtrl.obj : error LNK2001: D3DXVec3Normalize 외부 기호를 확인할 수 없습니다.
CameraCtrl.obj : error LNK2001: D3DXVec3Normalize 외부 기호를 확인할 수 없습니다.
CharacterCtrl.obj : error LNK2001: D3DXVec3Normalize 외부 기호를 확인할 수 없습니다.
GameScene.obj : error LNK2001: D3DXVec3Normalize 외부 기호를 확인할 수 없습니다.
HeightMap.obj : error LNK2001: D3DXVec3Normalize 외부 기호를 확인할 수 없습니다.
CameraCtrl.obj : error LNK2019: D3DXMatrixRotationAxis 외부 기호(참조 위치: "public: struct D3DXMATRIX * __cdecl CameraCtrl::RotateLocalX(float)" (?RotateLocalX@CameraCtrl@@QEAAPEAUD3DXMATRIX@@M@Z) 함수)에서 확인하지 못했습니다.
CameraCtrl.obj : error LNK2019: D3DXMatrixLookAtLH 외부 기호(참조 위치: "public: struct D3DXMATRIX * __cdecl CameraCtrl::SetView(struct D3DXVECTOR3 *,struct D3DXVECTOR3 *,struct D3DXVECTOR3 *)" (?SetView@CameraCtrl@@QEAAPEAUD3DXMATRIX@@PEAUD3DXVECTOR3@@00@Z) 함수)에서 확인하지 못했습니다.
GameObject.obj : error LNK2001: D3DXMatrixLookAtLH 외부 기호를 확인할 수 없습니다.
CameraCtrl.obj : error LNK2019: D3DXMatrixPerspectiveFovLH 외부 기호(참조 위치: "public: void __cdecl CameraCtrl::SetupCamera(struct IDirect3DDevice9 *,unsigned long)" (?SetupCamera@CameraCtrl@@QEAAXPEAUIDirect3DDevice9@@K@Z) 함수)에서 확인하지 못했습니다.
CharacterCtrl.obj : error LNK2019: D3DXMatrixTranslation 외부 기호(참조 위치: "public: void __cdecl CharacterCtrl::Update(class iMap *)" (?Update@CharacterCtrl@@QEAAXPEAViMap@@@Z) 함수)에서 확인하지 못했습니다.
Environment.obj : error LNK2001: D3DXMatrixTranslation 외부 기호를 확인할 수 없습니다.
GameObject.obj : error LNK2001: D3DXMatrixTranslation 외부 기호를 확인할 수 없습니다.
SkinnedMesh.obj : error LNK2001: D3DXMatrixTranslation 외부 기호를 확인할 수 없습니다.
FontManager.obj : error LNK2019: D3DXCreateFontIndirectW 외부 기호(참조 위치: "public: struct ID3DXFont * __cdecl FontManager::GetFont(enum FontManager::FontType)" (?GetFont@FontManager@@QEAAPEAUID3DXFont@@W4FontType@1@@Z) 함수)에서 확인하지 못했습니다.
FrustomCulling.obj : error LNK2019: D3DXVec3Unproject 외부 기호(참조 위치: "public: void __cdecl FrustumCulling::Update(void)" (?Update@FrustumCulling@@QEAAXXZ) 함수)에서 확인하지 못했습니다.
FrustomCulling.obj : error LNK2019: D3DXPlaneFromPoints 외부 기호(참조 위치: "public: void __cdecl FrustumCulling::Update(void)" (?Update@FrustumCulling@@QEAAXXZ) 함수)에서 확인하지 못했습니다.
GameObject.obj : error LNK2019: D3DXMatrixTranspose 외부 기호(참조 위치: "public: virtual void __cdecl GameObject::Update(void)" (?Update@GameObject@@UEAAXXZ) 함수)에서 확인하지 못했습니다.
GridCtrl.obj : error LNK2019: D3DXMatrixScaling 외부 기호(참조 위치: "public: void __cdecl GridCtrl::Init(void)" (?Init@GridCtrl@@QEAAXXZ) 함수)에서 확인하지 못했습니다.
UIImageView.obj : error LNK2001: D3DXMatrixScaling 외부 기호를 확인할 수 없습니다.
GridCtrl.obj : error LNK2019: D3DXMatrixRotationX 외부 기호(참조 위치: "public: void __cdecl GridCtrl::Init(void)" (?Init@GridCtrl@@QEAAXXZ) 함수)에서 확인하지 못했습니다.
GridCtrl.obj : error LNK2019: D3DXMatrixRotationZ 외부 기호(참조 위치: "public: void __cdecl GridCtrl::Init(void)" (?Init@GridCtrl@@QEAAXXZ) 함수)에서 확인하지 못했습니다.
HeightMap.obj : error LNK2019: D3DXCreateMeshFVF 외부 기호(참조 위치: "public: void __cdecl HeightMap::CreateMesh(class std::vector<struct VertexPNT,class std::allocator<struct VertexPNT> > &)" (?CreateMesh@HeightMap@@QEAAXAEAV?$vector@UVertexPNT@@V?$allocator@UVertexPNT@@@std@@@std@@@Z) 함수)에서 확인하지 못했습니다.
InputManager.obj : error LNK2019: DirectInput8Create 외부 기호(참조 위치: "public: long __cdecl InputManager::Init(struct HWND__ *,unsigned long)" (?Init@InputManager@@QEAAJPEAUHWND__@@K@Z) 함수)에서 확인하지 못했습니다.
InputManager.obj : error LNK2001: c_dfDIKeyboard 외부 기호를 확인할 수 없습니다.
LinearInterpolation.obj : error LNK2019: D3DXMatrixRotationY 외부 기호(참조 위치: "public: void __cdecl LinearInterpolation::Init(void)" (?Init@LinearInterpolation@@QEAAXXZ) 함수)에서 확인하지 못했습니다.
MainScene.obj : error LNK2019: D3DXCreateSprite 외부 기호(참조 위치: "public: virtual long __cdecl MainScene::Init(void)" (?Init@MainScene@@UEAAJXZ) 함수)에서 확인하지 못했습니다.
UIManager.obj : error LNK2001: D3DXCreateSprite 외부 기호를 확인할 수 없습니다.
OBJMap.obj : error LNK2019: D3DXIntersectTri 외부 기호(참조 위치: "public: virtual bool __cdecl OBJMap::GetHeight(float const &,float &,float const &)" (?GetHeight@OBJMap@@UEAA_NAEBMAEAM0@Z) 함수)에서 확인하지 못했습니다.
SkinnedMesh.obj : error LNK2019: D3DXCreateEffectFromFileA 외부 기호(참조 위치: "private: struct ID3DXEffect * __cdecl SkinnedMesh::LoadEffect(char *)" (?LoadEffect@SkinnedMesh@@AEAAPEAUID3DXEffect@@PEAD@Z) 함수)에서 확인하지 못했습니다.
SkinnedMesh.obj : error LNK2019: D3DXLoadMeshHierarchyFromXA 외부 기호(참조 위치: "private: void __cdecl SkinnedMesh::Load(char const *,char const *)" (?Load@SkinnedMesh@@AEAAXPEBD0@Z) 함수)에서 확인하지 못했습니다.
SkinnedMesh.obj : error LNK2019: D3DXFrameDestroy 외부 기호(참조 위치: "private: void __cdecl SkinnedMesh::Destroy(void)" (?Destroy@SkinnedMesh@@AEAAXXZ) 함수)에서 확인하지 못했습니다.
SkinnedMesh.obj : error LNK2019: D3DXFrameFind 외부 기호(참조 위치: "private: void __cdecl SkinnedMesh::SetupBoneMatrixPtrs(struct _D3DXFRAME *)" (?SetupBoneMatrixPtrs@SkinnedMesh@@AEAAXPEAU_D3DXFRAME@@@Z) 함수)에서 확인하지 못했습니다.
SoundManager.obj : error LNK2019: FMOD_System_Create 외부 기호(참조 위치: "enum FMOD_RESULT __cdecl FMOD::System_Create(class FMOD::System * *)" (?System_Create@FMOD@@YA?AW4FMOD_RESULT@@PEAPEAVSystem@1@@Z) 함수)에서 확인하지 못했습니다.
SoundManager.obj : error LNK2019: "public: enum FMOD_RESULT __cdecl FMOD::System::release(void)" (?release@System@FMOD@@QEAA?AW4FMOD_RESULT@@XZ) 외부 기호(참조 위치: "public: void __cdecl SoundManager::Release(void)" (?Release@SoundManager@@QEAAXXZ) 함수)에서 확인하지 못했습니다.
SoundManager.obj : error LNK2019: "public: enum FMOD_RESULT __cdecl FMOD::System::init(int,unsigned int,void *)" (?init@System@FMOD@@QEAA?AW4FMOD_RESULT@@HIPEAX@Z) 외부 기호(참조 위치: "public: long __cdecl SoundManager::Init(void)" (?Init@SoundManager@@QEAAJXZ) 함수)에서 확인하지 못했습니다.
SoundManager.obj : error LNK2019: "public: enum FMOD_RESULT __cdecl FMOD::System::close(void)" (?close@System@FMOD@@QEAA?AW4FMOD_RESULT@@XZ) 외부 기호(참조 위치: "public: void __cdecl SoundManager::Release(void)" (?Release@SoundManager@@QEAAXXZ) 함수)에서 확인하지 못했습니다.
SoundManager.obj : error LNK2019: "public: enum FMOD_RESULT __cdecl FMOD::System::update(void)" (?update@System@FMOD@@QEAA?AW4FMOD_RESULT@@XZ) 외부 기호(참조 위치: "public: void __cdecl SoundManager::Update(void)" (?Update@SoundManager@@QEAAXXZ) 함수)에서 확인하지 못했습니다.
SoundManager.obj : error LNK2019: "public: enum FMOD_RESULT __cdecl FMOD::System::createSound(char const *,unsigned int,struct FMOD_CREATESOUNDEXINFO *,class FMOD::Sound * *)" (?createSound@System@FMOD@@QEAA?AW4FMOD_RESULT@@PEBDIPEAUFMOD_CREATESOUNDEXINFO@@PEAPEAVSound@2@@Z) 외부 기호(참조 위치: "public: void __cdecl SoundManager::AddSound(class std::basic_string<char,struct std::char_traits<char>,class std::allocator<char> >,class std::basic_string<char,struct std::char_traits<char>,class std::allocator<char> >,bool,bool)" (?AddSound@SoundManager@@QEAAXV?$basic_string@DU?$char_traits@D@std@@V?$allocator@D@2@@std@@0_N1@Z) 함수)에서 확인하지 못했습니다.
SoundManager.obj : error LNK2019: "public: enum FMOD_RESULT __cdecl FMOD::System::createStream(char const *,unsigned int,struct FMOD_CREATESOUNDEXINFO *,class FMOD::Sound * *)" (?createStream@System@FMOD@@QEAA?AW4FMOD_RESULT@@PEBDIPEAUFMOD_CREATESOUNDEXINFO@@PEAPEAVSound@2@@Z) 외부 기호(참조 위치: "public: void __cdecl SoundManager::AddSound(class std::basic_string<char,struct std::char_traits<char>,class std::allocator<char> >,class std::basic_string<char,struct std::char_traits<char>,class std::allocator<char> >,bool,bool)" (?AddSound@SoundManager@@QEAAXV?$basic_string@DU?$char_traits@D@std@@V?$allocator@D@2@@std@@0_N1@Z) 함수)에서 확인하지 못했습니다.
SoundManager.obj : error LNK2019: "public: enum FMOD_RESULT __cdecl FMOD::System::playSound(enum FMOD_CHANNELINDEX,class FMOD::Sound *,bool,class FMOD::Channel * *)" (?playSound@System@FMOD@@QEAA?AW4FMOD_RESULT@@W4FMOD_CHANNELINDEX@@PEAVSound@2@_NPEAPEAVChannel@2@@Z) 외부 기호(참조 위치: "public: void __cdecl SoundManager::Play(class std::basic_string<char,struct std::char_traits<char>,class std::allocator<char> >,float)" (?Play@SoundManager@@QEAAXV?$basic_string@DU?$char_traits@D@std@@V?$allocator@D@2@@std@@M@Z) 함수)에서 확인하지 못했습니다.
SoundManager.obj : error LNK2019: "public: enum FMOD_RESULT __cdecl FMOD::Sound::release(void)" (?release@Sound@FMOD@@QEAA?AW4FMOD_RESULT@@XZ) 외부 기호(참조 위치: "public: void __cdecl SoundManager::Release(void)" (?Release@SoundManager@@QEAAXXZ) 함수)에서 확인하지 못했습니다.
SoundManager.obj : error LNK2019: "public: enum FMOD_RESULT __cdecl FMOD::Channel::stop(void)" (?stop@Channel@FMOD@@QEAA?AW4FMOD_RESULT@@XZ) 외부 기호(참조 위치: "public: void __cdecl SoundManager::Release(void)" (?Release@SoundManager@@QEAAXXZ) 함수)에서 확인하지 못했습니다.
SoundManager.obj : error LNK2019: "public: enum FMOD_RESULT __cdecl FMOD::Channel::setPaused(bool)" (?setPaused@Channel@FMOD@@QEAA?AW4FMOD_RESULT@@_N@Z) 외부 기호(참조 위치: "public: void __cdecl SoundManager::Pause(class std::basic_string<char,struct std::char_traits<char>,class std::allocator<char> >)" (?Pause@SoundManager@@QEAAXV?$basic_string@DU?$char_traits@D@std@@V?$allocator@D@2@@std@@@Z) 함수)에서 확인하지 못했습니다.
SoundManager.obj : error LNK2019: "public: enum FMOD_RESULT __cdecl FMOD::Channel::getPaused(bool *)" (?getPaused@Channel@FMOD@@QEAA?AW4FMOD_RESULT@@PEA_N@Z) 외부 기호(참조 위치: "public: bool __cdecl SoundManager::IsPauseSound(class std::basic_string<char,struct std::char_traits<char>,class std::allocator<char> >)" (?IsPauseSound@SoundManager@@QEAA_NV?$basic_string@DU?$char_traits@D@std@@V?$allocator@D@2@@std@@@Z) 함수)에서 확인하지 못했습니다.
SoundManager.obj : error LNK2019: "public: enum FMOD_RESULT __cdecl FMOD::Channel::setVolume(float)" (?setVolume@Channel@FMOD@@QEAA?AW4FMOD_RESULT@@M@Z) 외부 기호(참조 위치: "public: void __cdecl SoundManager::Play(class std::basic_string<char,struct std::char_traits<char>,class std::allocator<char> >,float)" (?Play@SoundManager@@QEAAXV?$basic_string@DU?$char_traits@D@std@@V?$allocator@D@2@@std@@M@Z) 함수)에서 확인하지 못했습니다.
SoundManager.obj : error LNK2019: "public: enum FMOD_RESULT __cdecl FMOD::Channel::isPlaying(bool *)" (?isPlaying@Channel@FMOD@@QEAA?AW4FMOD_RESULT@@PEA_N@Z) 외부 기호(참조 위치: "public: bool __cdecl SoundManager::IsPlaySound(class std::basic_string<char,struct std::char_traits<char>,class std::allocator<char> >)" (?IsPlaySound@SoundManager@@QEAA_NV?$basic_string@DU?$char_traits@D@std@@V?$allocator@D@2@@std@@@Z) 함수)에서 확인하지 못했습니다.
TextureManager.obj : error LNK2019: D3DXCreateTextureFromFileA 외부 기호(참조 위치: "public: struct IDirect3DTexture9 * __cdecl TextureManager::GetTexture(class std::basic_string<char,struct std::char_traits<char>,class std::allocator<char> >,struct _D3DXIMAGE_INFO *)" (?GetTexture@TextureManager@@QEAAPEAUIDirect3DTexture9@@V?$basic_string@DU?$char_traits@D@std@@V?$allocator@D@2@@std@@PEAU_D3DXIMAGE_INFO@@@Z) 함수)에서 확인하지 못했습니다.
TextureManager.obj : error LNK2019: D3DXCreateTextureFromFileExA 외부 기호(참조 위치: "public: struct IDirect3DTexture9 * __cdecl TextureManager::GetTexture(class std::basic_string<char,struct std::char_traits<char>,class std::allocator<char> >,struct _D3DXIMAGE_INFO *)" (?GetTexture@TextureManager@@QEAAPEAUIDirect3DTexture9@@V?$basic_string@DU?$char_traits@D@std@@V?$allocator@D@2@@std@@PEAU_D3DXIMAGE_INFO@@@Z) 함수)에서 확인하지 못했습니다.
VideoDevice.obj : error LNK2019: Direct3DCreate9 외부 기호(참조 위치: "public: void __cdecl VideoDevice::Init(void)" (?Init@VideoDevice@@QEAAXXZ) 함수)에서 확인하지 못했습니다.
C:\Program Files (x86)\Microsoft DirectX SDK (June 2010)\Lib\x86\d3d9.lib : warning LNK4272: 'x86' 라이브러리 컴퓨터 종류가 'x64' 대상 컴퓨터 종류와 충돌합니다.
C:\Program Files (x86)\Microsoft DirectX SDK (June 2010)\Lib\x86\d3dx9.lib : warning LNK4272: 'x86' 라이브러리 컴퓨터 종류가 'x64' 대상 컴퓨터 종류와 충돌합니다.
C:\Program Files (x86)\Microsoft DirectX SDK (June 2010)\Lib\x86\dinput8.lib : warning LNK4272: 'x86' 라이브러리 컴퓨터 종류가 'x64' 대상 컴퓨터 종류와 충돌합니다.
lib/fmodex_vc.lib : warning LNK4272: 'x86' 라이브러리 컴퓨터 종류가 'x64' 대상 컴퓨터 종류와 충돌합니다.
C:\Users\봉기남\Desktop\Borderlands2\x64\Debug\Borderlands2.exe : fatal error LNK1120: 49개의 확인할 수 없는 외부 참조입니다.
