  stdafx.cpp
  c:\program files (x86)\microsoft directx sdk (june 2010)\include\dinput.h: DIRECTINPUT_VERSION undefined. Defaulting to version 0x0800
  VideoDevice.cpp
  Utility.cpp
  UITextView.cpp
c:\users\sung\documents\github\borderlands-2\borderlands2 171218\borderlands2\uitextview.cpp(15): warning C4838: 'float'에서 'LONG'(으)로의 변환에는 축소 변환이 필요합니다.
c:\users\sung\documents\github\borderlands-2\borderlands2 171218\borderlands2\uitextview.cpp(15): warning C4244: '초기화 중': 'float'에서 'LONG'(으)로 변환하면서 데이터가 손실될 수 있습니다.
  UIObject.cpp
  UIManager.cpp
c:\users\sung\documents\github\borderlands-2\borderlands2 171218\borderlands2\uimanager.cpp(20): warning C4316: 'UIImageView': 힙에 할당된 개체가 16에 맞추어져 있지 않을 수도 있습니다
c:\users\sung\documents\github\borderlands-2\borderlands2 171218\borderlands2\uimanager.cpp(22): warning C4244: '인수': 'UINT'에서 'FLOAT'(으)로 변환하면서 데이터가 손실될 수 있습니다.
c:\users\sung\documents\github\borderlands-2\borderlands2 171218\borderlands2\uimanager.cpp(27): warning C4316: 'UIButton': 힙에 할당된 개체가 16에 맞추어져 있지 않을 수도 있습니다
c:\users\sung\documents\github\borderlands-2\borderlands2 171218\borderlands2\uimanager.cpp(35): warning C4316: 'UIButton': 힙에 할당된 개체가 16에 맞추어져 있지 않을 수도 있습니다
c:\users\sung\documents\github\borderlands-2\borderlands2 171218\borderlands2\uimanager.cpp(44): warning C4316: 'UITextView': 힙에 할당된 개체가 16에 맞추어져 있지 않을 수도 있습니다
c:\users\sung\documents\github\borderlands-2\borderlands2 171218\borderlands2\uimanager.cpp(80): warning C4477: 'sprintf' : 서식 문자열 '%d'에 'int' 형식의 인수가 필요하지만 variadic 인수 1의 형식이 'UITextView *'입니다.
  UIImageView.cpp
  UIButton.cpp
c:\users\sung\documents\github\borderlands-2\borderlands2 171218\borderlands2\uibutton.cpp(19): warning C4244: '인수': 'UINT'에서 'FLOAT'(으)로 변환하면서 데이터가 손실될 수 있습니다.
c:\users\sung\documents\github\borderlands-2\borderlands2 171218\borderlands2\uibutton.cpp(27): warning C4244: '인수': 'float'에서 'int'(으)로 변환하면서 데이터가 손실될 수 있습니다.
c:\users\sung\documents\github\borderlands-2\borderlands2 171218\borderlands2\uibutton.cpp(50): warning C4838: 'FLOAT'에서 'LONG'(으)로의 변환에는 축소 변환이 필요합니다.
c:\users\sung\documents\github\borderlands-2\borderlands2 171218\borderlands2\uibutton.cpp(50): warning C4244: '초기화 중': 'FLOAT'에서 'LONG'(으)로 변환하면서 데이터가 손실될 수 있습니다.
  TimeManager.cpp
  TextureManager.cpp
  SoundManager.cpp
  SkyBox.cpp
  SkinnedMeshManager.cpp
  SkinnedMesh.cpp
  SceneNode.cpp
  SceneManager.cpp
  RayCtrl.cpp
  QuadTree.cpp
c:\users\sung\documents\github\borderlands-2\borderlands2 171218\borderlands2\quadtree.cpp(7): warning C4101: 'i' :참조되지 않은 지역 변수입니다.
c:\users\sung\documents\github\borderlands-2\borderlands2 171218\borderlands2\quadtree.cpp(32): warning C4101: 'i' :참조되지 않은 지역 변수입니다.
  Pyramid.cpp
c:\users\sung\documents\github\borderlands-2\borderlands2 171218\borderlands2\pyramid.cpp(45): warning C4018: '<': signed 또는 unsigned가 일치하지 않습니다.
  Player.cpp
  Plane.cpp
c:\users\sung\documents\github\borderlands-2\borderlands2 171218\borderlands2\plane.cpp(297): warning C4244: 'return': 'float'에서 'DWORD'(으)로 변환하면서 데이터가 손실될 수 있습니다.
c:\users\sung\documents\github\borderlands-2\borderlands2 171218\borderlands2\plane.cpp(565): warning C4305: 'return': 'HRESULT'에서 'bool'(으)로 잘립니다.
c:\users\sung\documents\github\borderlands-2\borderlands2 171218\borderlands2\plane.cpp(771): warning C4101: 'Row' :참조되지 않은 지역 변수입니다.
c:\users\sung\documents\github\borderlands-2\borderlands2 171218\borderlands2\plane.cpp(771): warning C4101: 'Col' :참조되지 않은 지역 변수입니다.
  코드를 생성하고 있습니다...
  컴파일하고 있습니다...
  Picking.cpp
  Particle_Snow.cpp
  Particle_GunFire.cpp
  Particle_Firework.cpp
  ParticleSystem.cpp
  ParticleManager.cpp
  OBJMap.cpp
  OBJLoader.cpp
  ObjectManager.cpp
  Object.cpp
  Menu.cpp
  MatrialTexture.cpp
  MaptoolScene.cpp
  MainTool.cpp
  MainScene.cpp
c:\users\sung\documents\github\borderlands-2\borderlands2 171218\borderlands2\mainscene.cpp(14): warning C4316: 'UIObject': 힙에 할당된 개체가 16에 맞추어져 있지 않을 수도 있습니다
c:\users\sung\documents\github\borderlands-2\borderlands2 171218\borderlands2\mainscene.cpp(15): warning C4316: 'UIImageView': 힙에 할당된 개체가 16에 맞추어져 있지 않을 수도 있습니다
c:\users\sung\documents\github\borderlands-2\borderlands2 171218\borderlands2\mainscene.cpp(22): warning C4244: '인수': 'LONG'에서 'FLOAT'(으)로 변환하면서 데이터가 손실될 수 있습니다.
  MainGameManager.cpp
c:\users\sung\documents\github\borderlands-2\borderlands2 171218\borderlands2\maingamemanager.cpp(136): warning C4244: '인수': 'int'에서 'FLOAT'(으)로 변환하면서 데이터가 손실될 수 있습니다.
  LoadingScene.cpp
  Loading.cpp
c:\users\sung\documents\github\borderlands-2\borderlands2 171218\borderlands2\loading.cpp(20): warning C4316: 'UIImageView': 힙에 할당된 개체가 16에 맞추어져 있지 않을 수도 있습니다
c:\users\sung\documents\github\borderlands-2\borderlands2 171218\borderlands2\loading.cpp(23): warning C4244: '인수': 'UINT'에서 'FLOAT'(으)로 변환하면서 데이터가 손실될 수 있습니다.
c:\users\sung\documents\github\borderlands-2\borderlands2 171218\borderlands2\loading.cpp(26): warning C4316: 'UIObject': 힙에 할당된 개체가 16에 맞추어져 있지 않을 수도 있습니다
c:\users\sung\documents\github\borderlands-2\borderlands2 171218\borderlands2\loading.cpp(72): warning C4018: '>=': signed 또는 unsigned가 일치하지 않습니다.
  LinearInterpolation.cpp
c:\users\sung\documents\github\borderlands-2\borderlands2 171218\borderlands2\linearinterpolation.cpp(21): warning C4316: 'CubeCtrl': 힙에 할당된 개체가 16에 맞추어져 있지 않을 수도 있습니다
  KeyManager.cpp
  코드를 생성하고 있습니다...
  컴파일하고 있습니다...
  InputManager.cpp
  iMap.cpp
  HeightMap.cpp
c:\users\sung\documents\github\borderlands-2\borderlands2 171218\borderlands2\heightmap.cpp(36): warning C4244: '인수': 'int'에서 'FLOAT'(으)로 변환하면서 데이터가 손실될 수 있습니다.
  Group.cpp
  GridCtrl.cpp
c:\users\sung\documents\github\borderlands-2\borderlands2 171218\borderlands2\gridctrl.cpp(13): warning C4018: '<': signed 또는 unsigned가 일치하지 않습니다.
c:\users\sung\documents\github\borderlands-2\borderlands2 171218\borderlands2\gridctrl.cpp(45): warning C4244: '인수': 'int'에서 'FLOAT'(으)로 변환하면서 데이터가 손실될 수 있습니다.
c:\users\sung\documents\github\borderlands-2\borderlands2 171218\borderlands2\gridctrl.cpp(46): warning C4244: '인수': 'int'에서 'FLOAT'(으)로 변환하면서 데이터가 손실될 수 있습니다.
c:\users\sung\documents\github\borderlands-2\borderlands2 171218\borderlands2\gridctrl.cpp(48): warning C4244: '인수': 'int'에서 'FLOAT'(으)로 변환하면서 데이터가 손실될 수 있습니다.
c:\users\sung\documents\github\borderlands-2\borderlands2 171218\borderlands2\gridctrl.cpp(49): warning C4244: '인수': 'int'에서 'FLOAT'(으)로 변환하면서 데이터가 손실될 수 있습니다.
c:\users\sung\documents\github\borderlands-2\borderlands2 171218\borderlands2\gridctrl.cpp(51): warning C4244: '인수': 'int'에서 'FLOAT'(으)로 변환하면서 데이터가 손실될 수 있습니다.
c:\users\sung\documents\github\borderlands-2\borderlands2 171218\borderlands2\gridctrl.cpp(52): warning C4244: '인수': 'int'에서 'FLOAT'(으)로 변환하면서 데이터가 손실될 수 있습니다.
c:\users\sung\documents\github\borderlands-2\borderlands2 171218\borderlands2\gridctrl.cpp(54): warning C4244: '인수': 'int'에서 'FLOAT'(으)로 변환하면서 데이터가 손실될 수 있습니다.
c:\users\sung\documents\github\borderlands-2\borderlands2 171218\borderlands2\gridctrl.cpp(55): warning C4244: '인수': 'int'에서 'FLOAT'(으)로 변환하면서 데이터가 손실될 수 있습니다.
c:\users\sung\documents\github\borderlands-2\borderlands2 171218\borderlands2\gridctrl.cpp(64): warning C4316: 'Pyramid': 힙에 할당된 개체가 16에 맞추어져 있지 않을 수도 있습니다
c:\users\sung\documents\github\borderlands-2\borderlands2 171218\borderlands2\gridctrl.cpp(71): warning C4316: 'Pyramid': 힙에 할당된 개체가 16에 맞추어져 있지 않을 수도 있습니다
c:\users\sung\documents\github\borderlands-2\borderlands2 171218\borderlands2\gridctrl.cpp(78): warning C4316: 'Pyramid': 힙에 할당된 개체가 16에 맞추어져 있지 않을 수도 있습니다
  GameScene.cpp
  GameObject.cpp
  FrustomCulling.cpp
  FontManager.cpp
  Environment.cpp
  CubeCtrl.cpp
  CharacterCtrl.cpp
  CameraCtrl.cpp
c:\users\sung\documents\github\borderlands-2\borderlands2 171218\borderlands2\cameractrl.cpp(153): warning C4244: '=': 'float'에서 'LONG'(으)로 변환하면서 데이터가 손실될 수 있습니다.
c:\users\sung\documents\github\borderlands-2\borderlands2 171218\borderlands2\cameractrl.cpp(154): warning C4244: '=': 'float'에서 'LONG'(으)로 변환하면서 데이터가 손실될 수 있습니다.
  Borderlands2.cpp
c:\users\sung\documents\github\borderlands-2\borderlands2 171218\borderlands2\borderlands2.cpp : warning C4819: 현재 코드 페이지(949)에서 표시할 수 없는 문자가 파일에 들어 있습니다. 데이터가 손실되지 않게 하려면 해당 파일을 유니코드 형식으로 저장하십시오.
  AutoReleasePool.cpp
  ASELoader.cpp
c:\users\sung\documents\github\borderlands-2\borderlands2 171218\borderlands2\aseloader.cpp(235): warning C4316: 'ASEFrame': 힙에 할당된 개체가 16에 맞추어져 있지 않을 수도 있습니다
  ASEFrame.cpp
  ASECharacter.cpp
  AllocateHierarchy.cpp
  ActionSequence.cpp
c:\users\sung\documents\github\borderlands-2\borderlands2 171218\borderlands2\actionsequence.cpp(36): warning C4018: '<': signed 또는 unsigned가 일치하지 않습니다.
c:\users\sung\documents\github\borderlands-2\borderlands2 171218\borderlands2\actionsequence.cpp(45): warning C4018: '>=': signed 또는 unsigned가 일치하지 않습니다.
  코드를 생성하고 있습니다...
  컴파일하고 있습니다...
  ActionRepeat.cpp
  ActionMove.cpp
  Action.cpp
  코드를 생성하고 있습니다...
  Borderlands2.vcxproj -> C:\Users\sung\Documents\GitHub\Borderlands-2\Borderlands2 171218\Debug\Borderlands2.exe
